<?xml version="1.0" encoding="UTF-8"?>
<!-- Generated by org.testng.reporters.JUnitXMLReporter -->
<testsuite ignored="0" hostname="DESKTOP-TFMBSNA" failures="0" tests="4" name="Default test" time="151.399" errors="0" timestamp="2022-08-29T20:56:19 EAT">
  <testcase classname="automationPractice.Tests" name="authenticationFailure" time="33.425"/>
  <testcase classname="automationPractice.Tests" name="successfulLogin" time="26.479"/>
  <testcase classname="automationPractice.Tests" name="sortPopularItems" time="13.265"/>
  <testcase classname="automationPractice.Tests" name="addingItemsToCart" time="50.011"/>
</testsuite> <!-- Default test -->
