<?xml version="1.0" encoding="UTF-8"?>
<testng-results ignored="0" total="4" passed="4" failed="0" skipped="0">
  <reporter-output>
    <line>
      <![CDATA[=====Browser Session Started=====]]>
    </line>
    <line>
      <![CDATA[=====Application Started=====]]>
    </line>
    <line>
      <![CDATA[=====Logged in Successfully with correct Credentials=====]]>
    </line>
    <line>
      <![CDATA[=====Accessing and Sorting out popular items=====]]>
    </line>
    <line>
      <![CDATA[=====Began looking for dress to add to Cart=====]]>
    </line>
    <line>
      <![CDATA[=====Browser Session End=====]]>
    </line>
  </reporter-output>
  <suite started-at="2022-08-31T00:04:23 EAT" name="TestSuite" finished-at="2022-08-31T00:06:13 EAT" duration-ms="109482">
    <groups>
    </groups>
    <test started-at="2022-08-31T00:04:23 EAT" name="EdgeTest" finished-at="2022-08-31T00:06:13 EAT" duration-ms="109482">
      <class name="automationPractice.Tests">
        <test-method is-config="true" signature="setupApplication(java.lang.String)[pri:0, instance:automationPractice.Tests@1ab3a8c8]" started-at="2022-08-31T00:04:23 EAT" name="setupApplication" finished-at="2022-08-31T00:04:40 EAT" duration-ms="16634" status="PASS">
          <params>
            <param index="0">
              <value>
                <![CDATA[Edge]]>
              </value>
            </param>
          </params>
          <reporter-output>
            <line>
              <![CDATA[=====Browser Session Started=====]]>
            </line>
            <line>
              <![CDATA[=====Application Started=====]]>
            </line>
          </reporter-output>
        </test-method> <!-- setupApplication -->
        <test-method signature="authenticationFailure()[pri:1, instance:automationPractice.Tests@1ab3a8c8]" started-at="2022-08-31T00:04:40 EAT" name="authenticationFailure" description="This TC will perform invalid login" finished-at="2022-08-31T00:04:53 EAT" duration-ms="13111" status="PASS">
          <reporter-output>
          </reporter-output>
        </test-method> <!-- authenticationFailure -->
        <test-method signature="successfulLogin()[pri:2, instance:automationPractice.Tests@1ab3a8c8]" started-at="2022-08-31T00:04:53 EAT" name="successfulLogin" description="This TC will perform successful login" finished-at="2022-08-31T00:05:06 EAT" duration-ms="12694" status="PASS">
          <reporter-output>
            <line>
              <![CDATA[=====Logged in Successfully with correct Credentials=====]]>
            </line>
          </reporter-output>
        </test-method> <!-- successfulLogin -->
        <test-method signature="sortPopularItems()[pri:3, instance:automationPractice.Tests@1ab3a8c8]" started-at="2022-08-31T00:05:06 EAT" name="sortPopularItems" description="This test sorts popular items" finished-at="2022-08-31T00:05:14 EAT" duration-ms="8776" status="PASS">
          <reporter-output>
            <line>
              <![CDATA[=====Accessing and Sorting out popular items=====]]>
            </line>
          </reporter-output>
        </test-method> <!-- sortPopularItems -->
        <test-method signature="addingItemsToCart()[pri:4, instance:automationPractice.Tests@1ab3a8c8]" started-at="2022-08-31T00:05:14 EAT" name="addingItemsToCart" description="This test add the items to cart" finished-at="2022-08-31T00:06:12 EAT" duration-ms="57478" status="PASS">
          <reporter-output>
            <line>
              <![CDATA[=====Began looking for dress to add to Cart=====]]>
            </line>
          </reporter-output>
        </test-method> <!-- addingItemsToCart -->
        <test-method is-config="true" signature="closeApplication()[pri:0, instance:automationPractice.Tests@1ab3a8c8]" started-at="2022-08-31T00:06:12 EAT" name="closeApplication" finished-at="2022-08-31T00:06:13 EAT" duration-ms="689" status="PASS">
          <reporter-output>
            <line>
              <![CDATA[=====Browser Session End=====]]>
            </line>
          </reporter-output>
        </test-method> <!-- closeApplication -->
      </class> <!-- automationPractice.Tests -->
    </test> <!-- EdgeTest -->
  </suite> <!-- TestSuite -->
</testng-results>
