<?xml version="1.0" encoding="UTF-8"?>
<!-- Generated by org.testng.reporters.JUnitXMLReporter -->
<testsuite ignored="0" hostname="DESKTOP-TFMBSNA" failures="0" tests="4" name="EdgeTest" time="109.482" errors="0" timestamp="2022-08-31T00:06:13 EAT">
  <testcase classname="automationPractice.Tests" name="authenticationFailure" time="13.111"/>
  <testcase classname="automationPractice.Tests" name="successfulLogin" time="12.694"/>
  <testcase classname="automationPractice.Tests" name="sortPopularItems" time="8.776"/>
  <testcase classname="automationPractice.Tests" name="addingItemsToCart" time="57.478"/>
</testsuite> <!-- EdgeTest -->
